<?xml version="1.0" encoding="UTF-8"?>
<testsuite name="com.jklee.springboot.web.domain.posts.PostsRepositoryTest" tests="2" skipped="0" failures="0" errors="0" timestamp="2020-05-04T23:36:41" hostname="DESKTOP-R6TU4PO" time="0.887">
  <properties/>
  <testcase name="BaseTimeEntity_Register" classname="com.jklee.springboot.web.domain.posts.PostsRepositoryTest" time="0.841"/>
  <testcase name="load" classname="com.jklee.springboot.web.domain.posts.PostsRepositoryTest" time="0.044"/>
  <system-out><![CDATA[08:36:23.523 [Test worker] DEBUG org.springframework.test.context.junit4.SpringJUnit4ClassRunner - SpringJUnit4ClassRunner constructor called with [class com.jklee.springboot.web.domain.posts.PostsRepositoryTest]
08:36:23.548 [Test worker] DEBUG org.springframework.test.context.BootstrapUtils - Instantiating CacheAwareContextLoaderDelegate from class [org.springframework.test.context.cache.DefaultCacheAwareContextLoaderDelegate]
08:36:23.566 [Test worker] DEBUG org.springframework.test.context.BootstrapUtils - Instantiating BootstrapContext using constructor [public org.springframework.test.context.support.DefaultBootstrapContext(java.lang.Class,org.springframework.test.context.CacheAwareContextLoaderDelegate)]
08:36:23.596 [Test worker] DEBUG org.springframework.test.context.BootstrapUtils - Instantiating TestContextBootstrapper for test class [com.jklee.springboot.web.domain.posts.PostsRepositoryTest] from class [org.springframework.boot.test.context.SpringBootTestContextBootstrapper]
08:36:23.620 [Test worker] INFO org.springframework.boot.test.context.SpringBootTestContextBootstrapper - Neither @ContextConfiguration nor @ContextHierarchy found for test class [com.jklee.springboot.web.domain.posts.PostsRepositoryTest], using SpringBootContextLoader
08:36:23.626 [Test worker] DEBUG org.springframework.test.context.support.AbstractContextLoader - Did not detect default resource location for test class [com.jklee.springboot.web.domain.posts.PostsRepositoryTest]: class path resource [com/jklee/springboot/web/domain/posts/PostsRepositoryTest-context.xml] does not exist
08:36:23.627 [Test worker] DEBUG org.springframework.test.context.support.AbstractContextLoader - Did not detect default resource location for test class [com.jklee.springboot.web.domain.posts.PostsRepositoryTest]: class path resource [com/jklee/springboot/web/domain/posts/PostsRepositoryTestContext.groovy] does not exist
08:36:23.627 [Test worker] INFO org.springframework.test.context.support.AbstractContextLoader - Could not detect default resource locations for test class [com.jklee.springboot.web.domain.posts.PostsRepositoryTest]: no resource found for suffixes {-context.xml, Context.groovy}.
08:36:23.629 [Test worker] INFO org.springframework.test.context.support.AnnotationConfigContextLoaderUtils - Could not detect default configuration classes for test class [com.jklee.springboot.web.domain.posts.PostsRepositoryTest]: PostsRepositoryTest does not declare any static, non-private, non-final, nested classes annotated with @Configuration.
08:36:23.719 [Test worker] DEBUG org.springframework.test.context.support.ActiveProfilesUtils - Could not find an 'annotation declaring class' for annotation type [org.springframework.test.context.ActiveProfiles] and class [com.jklee.springboot.web.domain.posts.PostsRepositoryTest]
08:36:23.913 [Test worker] DEBUG org.springframework.context.annotation.ClassPathScanningCandidateComponentProvider - Identified candidate component class: file [C:\jklee-webservice\build\classes\java\main\com\jklee\springboot\Application.class]
08:36:23.915 [Test worker] INFO org.springframework.boot.test.context.SpringBootTestContextBootstrapper - Found @SpringBootConfiguration com.jklee.springboot.Application for test class com.jklee.springboot.web.domain.posts.PostsRepositoryTest
08:36:24.118 [Test worker] DEBUG org.springframework.boot.test.context.SpringBootTestContextBootstrapper - @TestExecutionListeners is not present for class [com.jklee.springboot.web.domain.posts.PostsRepositoryTest]: using defaults.
08:36:24.119 [Test worker] INFO org.springframework.boot.test.context.SpringBootTestContextBootstrapper - Loaded default TestExecutionListener class names from location [META-INF/spring.factories]: [org.springframework.security.test.context.support.WithSecurityContextTestExecutionListener, org.springframework.security.test.context.support.ReactorContextTestExecutionListener, org.springframework.boot.test.autoconfigure.restdocs.RestDocsTestExecutionListener, org.springframework.boot.test.autoconfigure.web.client.MockRestServiceServerResetTestExecutionListener, org.springframework.boot.test.autoconfigure.web.servlet.MockMvcPrintOnlyOnFailureTestExecutionListener, org.springframework.boot.test.autoconfigure.web.servlet.WebDriverTestExecutionListener, org.springframework.boot.test.mock.mockito.MockitoTestExecutionListener, org.springframework.boot.test.mock.mockito.ResetMocksTestExecutionListener, org.springframework.test.context.web.ServletTestExecutionListener, org.springframework.test.context.support.DirtiesContextBeforeModesTestExecutionListener, org.springframework.test.context.support.DependencyInjectionTestExecutionListener, org.springframework.test.context.support.DirtiesContextTestExecutionListener, org.springframework.test.context.transaction.TransactionalTestExecutionListener, org.springframework.test.context.jdbc.SqlScriptsTestExecutionListener]
08:36:24.170 [Test worker] INFO org.springframework.boot.test.context.SpringBootTestContextBootstrapper - Using TestExecutionListeners: [org.springframework.test.context.web.ServletTestExecutionListener@5d877870, org.springframework.test.context.support.DirtiesContextBeforeModesTestExecutionListener@91063f1, org.springframework.boot.test.mock.mockito.MockitoTestExecutionListener@5671f45e, org.springframework.boot.test.autoconfigure.SpringBootDependencyInjectionTestExecutionListener@5a54a9e7, org.springframework.test.context.support.DirtiesContextTestExecutionListener@3c761e25, org.springframework.test.context.transaction.TransactionalTestExecutionListener@3673fdb1, org.springframework.test.context.jdbc.SqlScriptsTestExecutionListener@6ff92c25, org.springframework.security.test.context.support.WithSecurityContextTestExecutionListener@101dabac, org.springframework.security.test.context.support.ReactorContextTestExecutionListener@1c1608bc, org.springframework.boot.test.autoconfigure.restdocs.RestDocsTestExecutionListener@3521e0fa, org.springframework.boot.test.autoconfigure.web.client.MockRestServiceServerResetTestExecutionListener@131f6a7f, org.springframework.boot.test.autoconfigure.web.servlet.MockMvcPrintOnlyOnFailureTestExecutionListener@6e22e37b, org.springframework.boot.test.autoconfigure.web.servlet.WebDriverTestExecutionListener@42dd55eb, org.springframework.boot.test.mock.mockito.ResetMocksTestExecutionListener@78415b7a]
08:36:24.175 [Test worker] DEBUG org.springframework.test.annotation.ProfileValueUtils - Retrieved @ProfileValueSourceConfiguration [null] for test class [com.jklee.springboot.web.domain.posts.PostsRepositoryTest]
08:36:24.177 [Test worker] DEBUG org.springframework.test.annotation.ProfileValueUtils - Retrieved ProfileValueSource type [class org.springframework.test.annotation.SystemProfileValueSource] for class [com.jklee.springboot.web.domain.posts.PostsRepositoryTest]
08:36:24.178 [Test worker] DEBUG org.springframework.test.annotation.ProfileValueUtils - Retrieved @ProfileValueSourceConfiguration [null] for test class [com.jklee.springboot.web.domain.posts.PostsRepositoryTest]
08:36:24.178 [Test worker] DEBUG org.springframework.test.annotation.ProfileValueUtils - Retrieved ProfileValueSource type [class org.springframework.test.annotation.SystemProfileValueSource] for class [com.jklee.springboot.web.domain.posts.PostsRepositoryTest]
08:36:24.190 [Test worker] DEBUG org.springframework.test.context.support.AbstractDirtiesContextTestExecutionListener - Before test class: context [DefaultTestContext@78dbaae2 testClass = PostsRepositoryTest, testInstance = [null], testMethod = [null], testException = [null], mergedContextConfiguration = [WebMergedContextConfiguration@4ae43eac testClass = PostsRepositoryTest, locations = '{}', classes = '{class com.jklee.springboot.Application}', contextInitializerClasses = '[]', activeProfiles = '{}', propertySourceLocations = '{}', propertySourceProperties = '{org.springframework.boot.test.context.SpringBootTestContextBootstrapper=true}', contextCustomizers = set[org.springframework.boot.test.autoconfigure.properties.PropertyMappingContextCustomizer@0, org.springframework.boot.test.autoconfigure.web.servlet.WebDriverContextCustomizerFactory$Customizer@2e88c0d7, org.springframework.boot.test.context.filter.ExcludeFilterContextCustomizer@49b15667, org.springframework.boot.test.json.DuplicateJsonObjectContextCustomizerFactory$DuplicateJsonObjectContextCustomizer@a5a1f8d, org.springframework.boot.test.mock.mockito.MockitoContextCustomizer@0, org.springframework.boot.test.web.client.TestRestTemplateContextCustomizer@53ad300d], resourceBasePath = 'src/main/webapp', contextLoader = 'org.springframework.boot.test.context.SpringBootContextLoader', parent = [null]], attributes = map['org.springframework.test.context.web.ServletTestExecutionListener.activateListener' -> true]], class annotated with @DirtiesContext [false] with mode [null].
08:36:24.191 [Test worker] DEBUG org.springframework.test.annotation.ProfileValueUtils - Retrieved @ProfileValueSourceConfiguration [null] for test class [com.jklee.springboot.web.domain.posts.PostsRepositoryTest]
08:36:24.192 [Test worker] DEBUG org.springframework.test.annotation.ProfileValueUtils - Retrieved ProfileValueSource type [class org.springframework.test.annotation.SystemProfileValueSource] for class [com.jklee.springboot.web.domain.posts.PostsRepositoryTest]
08:36:24.237 [Test worker] DEBUG org.springframework.test.context.support.TestPropertySourceUtils - Adding inlined properties to environment: {spring.jmx.enabled=false, org.springframework.boot.test.context.SpringBootTestContextBootstrapper=true, server.port=-1}

  .   ____          _            __ _ _
 /\\ / ___'_ __ _ _(_)_ __  __ _ \ \ \ \
( ( )\___ | '_ | '_| | '_ \/ _` | \ \ \ \
 \\/  ___)| |_)| | | | | || (_| |  ) ) ) )
  '  |____| .__|_| |_|_| |_\__, | / / / /
 =========|_|==============|___/=/_/_/_/
 :: Spring Boot ::        (v2.1.7.RELEASE)

2020-05-05 08:36:24.858  INFO 24380 --- [    Test worker] c.j.s.w.d.posts.PostsRepositoryTest      : Starting PostsRepositoryTest on DESKTOP-R6TU4PO with PID 24380 (started by Jeong-Kyu Lee in C:\jklee-webservice)
2020-05-05 08:36:24.859  INFO 24380 --- [    Test worker] c.j.s.w.d.posts.PostsRepositoryTest      : The following profiles are active: oauth
2020-05-05 08:36:26.679  INFO 24380 --- [    Test worker] .s.d.r.c.RepositoryConfigurationDelegate : Bootstrapping Spring Data repositories in DEFAULT mode.
2020-05-05 08:36:27.108  INFO 24380 --- [    Test worker] .s.d.r.c.RepositoryConfigurationDelegate : Finished Spring Data repository scanning in 381ms. Found 2 repository interfaces.
2020-05-05 08:36:28.700  INFO 24380 --- [    Test worker] trationDelegate$BeanPostProcessorChecker : Bean 'org.springframework.transaction.annotation.ProxyTransactionManagementConfiguration' of type [org.springframework.transaction.annotation.ProxyTransactionManagementConfiguration$$EnhancerBySpringCGLIB$$574560f7] is not eligible for getting processed by all BeanPostProcessors (for example: not eligible for auto-proxying)
2020-05-05 08:36:29.483  INFO 24380 --- [    Test worker] com.zaxxer.hikari.HikariDataSource       : HikariPool-1 - Starting...
2020-05-05 08:36:29.971  INFO 24380 --- [    Test worker] com.zaxxer.hikari.HikariDataSource       : HikariPool-1 - Start completed.
2020-05-05 08:36:30.306  INFO 24380 --- [    Test worker] o.hibernate.jpa.internal.util.LogHelper  : HHH000204: Processing PersistenceUnitInfo [
	name: default
	...]
2020-05-05 08:36:30.608  INFO 24380 --- [    Test worker] org.hibernate.Version                    : HHH000412: Hibernate Core {5.3.10.Final}
2020-05-05 08:36:30.611  INFO 24380 --- [    Test worker] org.hibernate.cfg.Environment            : HHH000206: hibernate.properties not found
2020-05-05 08:36:31.250  INFO 24380 --- [    Test worker] o.hibernate.annotations.common.Version   : HCANN000001: Hibernate Commons Annotations {5.0.4.Final}
2020-05-05 08:36:32.266  INFO 24380 --- [    Test worker] org.hibernate.dialect.Dialect            : HHH000400: Using dialect: org.hibernate.dialect.MySQL5InnoDBDialect
Hibernate: drop table if exists posts
Hibernate: drop table if exists user
Hibernate: create table posts (id bigint not null auto_increment, created_date datetime, modified_date datetime, author varchar(255), content TEXT not null, title varchar(500) not null, primary key (id)) engine=InnoDB
Hibernate: create table user (id bigint not null auto_increment, email varchar(255) not null, name varchar(255) not null, picture varchar(255), role varchar(255) not null, primary key (id)) engine=InnoDB
2020-05-05 08:36:34.459  INFO 24380 --- [    Test worker] o.h.t.schema.internal.SchemaCreatorImpl  : HHH000476: Executing import script 'org.hibernate.tool.schema.internal.exec.ScriptSourceInputNonExistentImpl@6c909c4b'
2020-05-05 08:36:34.469  INFO 24380 --- [    Test worker] j.LocalContainerEntityManagerFactoryBean : Initialized JPA EntityManagerFactory for persistence unit 'default'
2020-05-05 08:36:36.280  INFO 24380 --- [    Test worker] o.h.h.i.QueryTranslatorFactoryInitiator  : HHH000397: Using ASTQueryTranslatorFactory
2020-05-05 08:36:37.959  INFO 24380 --- [    Test worker] o.s.s.web.DefaultSecurityFilterChain     : Creating filter chain: any request, [org.springframework.security.web.context.request.async.WebAsyncManagerIntegrationFilter@26f534d, org.springframework.security.web.context.SecurityContextPersistenceFilter@6509ec48, org.springframework.security.web.header.HeaderWriterFilter@26b9f880, org.springframework.security.web.authentication.logout.LogoutFilter@45f446a6, org.springframework.security.oauth2.client.web.OAuth2AuthorizationRequestRedirectFilter@1f931864, org.springframework.security.oauth2.client.web.OAuth2LoginAuthenticationFilter@766a8b03, org.springframework.security.web.authentication.ui.DefaultLoginPageGeneratingFilter@5a7024d8, org.springframework.security.web.authentication.ui.DefaultLogoutPageGeneratingFilter@1bfd8323, org.springframework.security.web.savedrequest.RequestCacheAwareFilter@29e9e491, org.springframework.security.web.servletapi.SecurityContextHolderAwareRequestFilter@5981ada3, org.springframework.security.web.authentication.AnonymousAuthenticationFilter@17717d9, org.springframework.security.web.session.SessionManagementFilter@aad6c14, org.springframework.security.web.access.ExceptionTranslationFilter@37525b0c, org.springframework.security.web.access.intercept.FilterSecurityInterceptor@7abee9db]
2020-05-05 08:36:39.649  INFO 24380 --- [    Test worker] o.s.s.concurrent.ThreadPoolTaskExecutor  : Initializing ExecutorService 'applicationTaskExecutor'
2020-05-05 08:36:39.814  WARN 24380 --- [    Test worker] aWebConfiguration$JpaWebMvcConfiguration : spring.jpa.open-in-view is enabled by default. Therefore, database queries may be performed during view rendering. Explicitly configure spring.jpa.open-in-view to disable this warning
2020-05-05 08:36:39.949  INFO 24380 --- [    Test worker] o.s.b.a.w.s.WelcomePageHandlerMapping    : Adding welcome page template: index
2020-05-05 08:36:41.473  INFO 24380 --- [    Test worker] s.a.ScheduledAnnotationBeanPostProcessor : No TaskScheduler/ScheduledExecutorService bean found for scheduled processing
2020-05-05 08:36:41.496  INFO 24380 --- [    Test worker] c.j.s.w.d.posts.PostsRepositoryTest      : Started PostsRepositoryTest in 17.237 seconds (JVM running for 19.87)
Hibernate: insert into posts (created_date, modified_date, author, content, title) values (?, ?, ?, ?, ?)
Hibernate: select posts0_.id as id1_0_, posts0_.created_date as created_2_0_, posts0_.modified_date as modified3_0_, posts0_.author as author4_0_, posts0_.content as content5_0_, posts0_.title as title6_0_ from posts posts0_
>>>>> CreatedDate = 2020-05-05T08:36:41.902, Modified = 2020-05-05T08:36:41.902
Hibernate: select posts0_.id as id1_0_, posts0_.created_date as created_2_0_, posts0_.modified_date as modified3_0_, posts0_.author as author4_0_, posts0_.content as content5_0_, posts0_.title as title6_0_ from posts posts0_
Hibernate: delete from posts where id=?
Hibernate: insert into posts (created_date, modified_date, author, content, title) values (?, ?, ?, ?, ?)
Hibernate: select posts0_.id as id1_0_, posts0_.created_date as created_2_0_, posts0_.modified_date as modified3_0_, posts0_.author as author4_0_, posts0_.content as content5_0_, posts0_.title as title6_0_ from posts posts0_
Hibernate: select posts0_.id as id1_0_, posts0_.created_date as created_2_0_, posts0_.modified_date as modified3_0_, posts0_.author as author4_0_, posts0_.content as content5_0_, posts0_.title as title6_0_ from posts posts0_
Hibernate: delete from posts where id=?
]]></system-out>
  <system-err><![CDATA[]]></system-err>
</testsuite>
