<?xml version="1.0" encoding="UTF-8"?>
<testsuite name="com.jklee.springboot.web.dto.HelloResponseDtoTest" tests="1" skipped="0" failures="0" errors="0" timestamp="2020-05-04T23:36:42" hostname="DESKTOP-R6TU4PO" time="0.009">
  <properties/>
  <testcase name="lombokTest" classname="com.jklee.springboot.web.dto.HelloResponseDtoTest" time="0.009"/>
  <system-out><![CDATA[]]></system-out>
  <system-err><![CDATA[]]></system-err>
</testsuite>
