<?xml version="1.0" encoding="UTF-8"?>
<testsuite name="com.jklee.springboot.web.HelloControllerTest" tests="2" skipped="0" failures="0" errors="0" timestamp="2020-05-04T23:36:45" hostname="DESKTOP-R6TU4PO" time="0.368">
  <properties/>
  <testcase name="helloReturn" classname="com.jklee.springboot.web.HelloControllerTest" time="0.167"/>
  <testcase name="helloDtoReturn" classname="com.jklee.springboot.web.HelloControllerTest" time="0.199"/>
  <system-out><![CDATA[2020-05-05 08:36:42.464  INFO 24380 --- [    Test worker] .b.t.a.w.s.WebMvcTestContextBootstrapper : Neither @ContextConfiguration nor @ContextHierarchy found for test class [com.jklee.springboot.web.HelloControllerTest], using SpringBootContextLoader
2020-05-05 08:36:42.467  INFO 24380 --- [    Test worker] o.s.t.c.support.AbstractContextLoader    : Could not detect default resource locations for test class [com.jklee.springboot.web.HelloControllerTest]: no resource found for suffixes {-context.xml, Context.groovy}.
2020-05-05 08:36:42.467  INFO 24380 --- [    Test worker] t.c.s.AnnotationConfigContextLoaderUtils : Could not detect default configuration classes for test class [com.jklee.springboot.web.HelloControllerTest]: HelloControllerTest does not declare any static, non-private, non-final, nested classes annotated with @Configuration.
2020-05-05 08:36:42.576  INFO 24380 --- [    Test worker] .b.t.c.SpringBootTestContextBootstrapper : Found @SpringBootConfiguration com.jklee.springboot.Application for test class com.jklee.springboot.web.HelloControllerTest
2020-05-05 08:36:42.577  INFO 24380 --- [    Test worker] .b.t.a.w.s.WebMvcTestContextBootstrapper : Loaded default TestExecutionListener class names from location [META-INF/spring.factories]: [org.springframework.security.test.context.support.WithSecurityContextTestExecutionListener, org.springframework.security.test.context.support.ReactorContextTestExecutionListener, org.springframework.boot.test.autoconfigure.restdocs.RestDocsTestExecutionListener, org.springframework.boot.test.autoconfigure.web.client.MockRestServiceServerResetTestExecutionListener, org.springframework.boot.test.autoconfigure.web.servlet.MockMvcPrintOnlyOnFailureTestExecutionListener, org.springframework.boot.test.autoconfigure.web.servlet.WebDriverTestExecutionListener, org.springframework.boot.test.mock.mockito.MockitoTestExecutionListener, org.springframework.boot.test.mock.mockito.ResetMocksTestExecutionListener, org.springframework.test.context.web.ServletTestExecutionListener, org.springframework.test.context.support.DirtiesContextBeforeModesTestExecutionListener, org.springframework.test.context.support.DependencyInjectionTestExecutionListener, org.springframework.test.context.support.DirtiesContextTestExecutionListener, org.springframework.test.context.transaction.TransactionalTestExecutionListener, org.springframework.test.context.jdbc.SqlScriptsTestExecutionListener]
2020-05-05 08:36:42.580  INFO 24380 --- [    Test worker] .b.t.a.w.s.WebMvcTestContextBootstrapper : Using TestExecutionListeners: [org.springframework.test.context.web.ServletTestExecutionListener@3942866b, org.springframework.test.context.support.DirtiesContextBeforeModesTestExecutionListener@202d232, org.springframework.boot.test.mock.mockito.MockitoTestExecutionListener@7ac8f63e, org.springframework.boot.test.autoconfigure.SpringBootDependencyInjectionTestExecutionListener@17e581ec, org.springframework.test.context.support.DirtiesContextTestExecutionListener@3ab93ca5, org.springframework.test.context.transaction.TransactionalTestExecutionListener@2e3efa82, org.springframework.test.context.jdbc.SqlScriptsTestExecutionListener@137a907d, org.springframework.security.test.context.support.WithSecurityContextTestExecutionListener@282b891f, org.springframework.security.test.context.support.ReactorContextTestExecutionListener@5b04c4ab, org.springframework.boot.test.autoconfigure.restdocs.RestDocsTestExecutionListener@2b7cfa3, org.springframework.boot.test.autoconfigure.web.client.MockRestServiceServerResetTestExecutionListener@45094ef0, org.springframework.boot.test.autoconfigure.web.servlet.MockMvcPrintOnlyOnFailureTestExecutionListener@311e543f, org.springframework.boot.test.autoconfigure.web.servlet.WebDriverTestExecutionListener@4c42ef2b, org.springframework.boot.test.mock.mockito.ResetMocksTestExecutionListener@7034fbd7]

  .   ____          _            __ _ _
 /\\ / ___'_ __ _ _(_)_ __  __ _ \ \ \ \
( ( )\___ | '_ | '_| | '_ \/ _` | \ \ \ \
 \\/  ___)| |_)| | | | | || (_| |  ) ) ) )
  '  |____| .__|_| |_|_| |_\__, | / / / /
 =========|_|==============|___/=/_/_/_/
 :: Spring Boot ::        (v2.1.7.RELEASE)

2020-05-05 08:36:42.724  INFO 24380 --- [    Test worker] c.j.springboot.web.HelloControllerTest   : Starting HelloControllerTest on DESKTOP-R6TU4PO with PID 24380 (started by Jeong-Kyu Lee in C:\jklee-webservice)
2020-05-05 08:36:42.725  INFO 24380 --- [    Test worker] c.j.springboot.web.HelloControllerTest   : The following profiles are active: oauth
2020-05-05 08:36:43.979  INFO 24380 --- [    Test worker] o.s.s.concurrent.ThreadPoolTaskExecutor  : Initializing ExecutorService 'applicationTaskExecutor'
2020-05-05 08:36:44.083  INFO 24380 --- [    Test worker] o.s.b.a.w.s.WelcomePageHandlerMapping    : Adding welcome page template: index
2020-05-05 08:36:44.574  INFO 24380 --- [    Test worker] .s.s.UserDetailsServiceAutoConfiguration : 

Using generated security password: cf4945eb-dfaf-411a-b5ba-694230e90ce7

2020-05-05 08:36:45.002  INFO 24380 --- [    Test worker] o.s.s.web.DefaultSecurityFilterChain     : Creating filter chain: any request, [org.springframework.security.web.context.request.async.WebAsyncManagerIntegrationFilter@4eaf1229, org.springframework.security.web.context.SecurityContextPersistenceFilter@1247048d, org.springframework.security.web.header.HeaderWriterFilter@575e01ad, org.springframework.security.web.csrf.CsrfFilter@5cf7ebe5, org.springframework.security.web.authentication.logout.LogoutFilter@7ee003b7, org.springframework.security.web.authentication.UsernamePasswordAuthenticationFilter@353370a5, org.springframework.security.web.authentication.ui.DefaultLoginPageGeneratingFilter@52e75658, org.springframework.security.web.authentication.ui.DefaultLogoutPageGeneratingFilter@b12542, org.springframework.security.web.authentication.www.BasicAuthenticationFilter@573e0f09, org.springframework.security.web.savedrequest.RequestCacheAwareFilter@6a9a0e62, org.springframework.security.web.servletapi.SecurityContextHolderAwareRequestFilter@4dee39f5, org.springframework.security.web.authentication.AnonymousAuthenticationFilter@27d0241a, org.springframework.security.web.session.SessionManagementFilter@34957060, org.springframework.security.web.access.ExceptionTranslationFilter@174dfd0a, org.springframework.security.web.access.intercept.FilterSecurityInterceptor@4d6bae5a]
2020-05-05 08:36:45.115  INFO 24380 --- [    Test worker] o.s.b.t.m.w.SpringBootMockServletContext : Initializing Spring TestDispatcherServlet ''
2020-05-05 08:36:45.116  INFO 24380 --- [    Test worker] o.s.t.web.servlet.TestDispatcherServlet  : Initializing Servlet ''
2020-05-05 08:36:45.147  INFO 24380 --- [    Test worker] o.s.t.web.servlet.TestDispatcherServlet  : Completed initialization in 30 ms
2020-05-05 08:36:45.218  INFO 24380 --- [    Test worker] c.j.springboot.web.HelloControllerTest   : Started HelloControllerTest in 2.631 seconds (JVM running for 23.592)
]]></system-out>
  <system-err><![CDATA[]]></system-err>
</testsuite>
