<?xml version="1.0" encoding="UTF-8"?>
<testsuite name="com.jklee.springboot.web.PostApiControllerTest" tests="2" skipped="0" failures="0" errors="0" timestamp="2020-05-04T23:36:52" hostname="DESKTOP-R6TU4PO" time="0.304">
  <properties/>
  <testcase name="Posts_register" classname="com.jklee.springboot.web.PostApiControllerTest" time="0.22"/>
  <testcase name="Posts_update" classname="com.jklee.springboot.web.PostApiControllerTest" time="0.082"/>
  <system-out><![CDATA[2020-05-05 08:36:52.455  INFO 24380 --- [    Test worker] .b.t.c.SpringBootTestContextBootstrapper : Neither @ContextConfiguration nor @ContextHierarchy found for test class [com.jklee.springboot.web.PostApiControllerTest], using SpringBootContextLoader
2020-05-05 08:36:52.458  INFO 24380 --- [    Test worker] o.s.t.c.support.AbstractContextLoader    : Could not detect default resource locations for test class [com.jklee.springboot.web.PostApiControllerTest]: no resource found for suffixes {-context.xml, Context.groovy}.
2020-05-05 08:36:52.459  INFO 24380 --- [    Test worker] t.c.s.AnnotationConfigContextLoaderUtils : Could not detect default configuration classes for test class [com.jklee.springboot.web.PostApiControllerTest]: PostApiControllerTest does not declare any static, non-private, non-final, nested classes annotated with @Configuration.
2020-05-05 08:36:52.464  INFO 24380 --- [    Test worker] .b.t.c.SpringBootTestContextBootstrapper : Found @SpringBootConfiguration com.jklee.springboot.Application for test class com.jklee.springboot.web.PostApiControllerTest
2020-05-05 08:36:52.469  INFO 24380 --- [    Test worker] .b.t.c.SpringBootTestContextBootstrapper : Loaded default TestExecutionListener class names from location [META-INF/spring.factories]: [org.springframework.security.test.context.support.WithSecurityContextTestExecutionListener, org.springframework.security.test.context.support.ReactorContextTestExecutionListener, org.springframework.boot.test.autoconfigure.restdocs.RestDocsTestExecutionListener, org.springframework.boot.test.autoconfigure.web.client.MockRestServiceServerResetTestExecutionListener, org.springframework.boot.test.autoconfigure.web.servlet.MockMvcPrintOnlyOnFailureTestExecutionListener, org.springframework.boot.test.autoconfigure.web.servlet.WebDriverTestExecutionListener, org.springframework.boot.test.mock.mockito.MockitoTestExecutionListener, org.springframework.boot.test.mock.mockito.ResetMocksTestExecutionListener, org.springframework.test.context.web.ServletTestExecutionListener, org.springframework.test.context.support.DirtiesContextBeforeModesTestExecutionListener, org.springframework.test.context.support.DependencyInjectionTestExecutionListener, org.springframework.test.context.support.DirtiesContextTestExecutionListener, org.springframework.test.context.transaction.TransactionalTestExecutionListener, org.springframework.test.context.jdbc.SqlScriptsTestExecutionListener]
2020-05-05 08:36:52.478  INFO 24380 --- [    Test worker] .b.t.c.SpringBootTestContextBootstrapper : Using TestExecutionListeners: [org.springframework.test.context.web.ServletTestExecutionListener@3b00e6ad, org.springframework.test.context.support.DirtiesContextBeforeModesTestExecutionListener@556c1133, org.springframework.boot.test.mock.mockito.MockitoTestExecutionListener@4b66a226, org.springframework.boot.test.autoconfigure.SpringBootDependencyInjectionTestExecutionListener@7a2a0dff, org.springframework.test.context.support.DirtiesContextTestExecutionListener@46a3a999, org.springframework.test.context.transaction.TransactionalTestExecutionListener@7373cdf7, org.springframework.test.context.jdbc.SqlScriptsTestExecutionListener@d7a262d, org.springframework.security.test.context.support.WithSecurityContextTestExecutionListener@27959788, org.springframework.security.test.context.support.ReactorContextTestExecutionListener@7c210d82, org.springframework.boot.test.autoconfigure.restdocs.RestDocsTestExecutionListener@11d07b84, org.springframework.boot.test.autoconfigure.web.client.MockRestServiceServerResetTestExecutionListener@4d477cdd, org.springframework.boot.test.autoconfigure.web.servlet.MockMvcPrintOnlyOnFailureTestExecutionListener@46659b2a, org.springframework.boot.test.autoconfigure.web.servlet.WebDriverTestExecutionListener@32dcd379, org.springframework.boot.test.mock.mockito.ResetMocksTestExecutionListener@204282fd]
2020-05-05 08:36:52.509  INFO 24380 --- [    Test worker] o.a.c.c.C.[Tomcat].[localhost].[/]       : Initializing Spring TestDispatcherServlet ''
2020-05-05 08:36:52.509  INFO 24380 --- [    Test worker] o.s.t.web.servlet.TestDispatcherServlet  : Initializing Servlet ''
2020-05-05 08:36:52.517  INFO 24380 --- [    Test worker] o.s.t.web.servlet.TestDispatcherServlet  : Completed initialization in 7 ms
Hibernate: insert into posts (created_date, modified_date, author, content, title) values (?, ?, ?, ?, ?)
Hibernate: select posts0_.id as id1_0_, posts0_.created_date as created_2_0_, posts0_.modified_date as modified3_0_, posts0_.author as author4_0_, posts0_.content as content5_0_, posts0_.title as title6_0_ from posts posts0_
Hibernate: select posts0_.id as id1_0_, posts0_.created_date as created_2_0_, posts0_.modified_date as modified3_0_, posts0_.author as author4_0_, posts0_.content as content5_0_, posts0_.title as title6_0_ from posts posts0_
Hibernate: delete from posts where id=?
2020-05-05 08:36:52.718  INFO 24380 --- [    Test worker] o.a.c.c.C.[Tomcat].[localhost].[/]       : Initializing Spring TestDispatcherServlet ''
2020-05-05 08:36:52.718  INFO 24380 --- [    Test worker] o.s.t.web.servlet.TestDispatcherServlet  : Initializing Servlet ''
2020-05-05 08:36:52.724  INFO 24380 --- [    Test worker] o.s.t.web.servlet.TestDispatcherServlet  : Completed initialization in 6 ms
Hibernate: insert into posts (created_date, modified_date, author, content, title) values (?, ?, ?, ?, ?)
Hibernate: select posts0_.id as id1_0_0_, posts0_.created_date as created_2_0_0_, posts0_.modified_date as modified3_0_0_, posts0_.author as author4_0_0_, posts0_.content as content5_0_0_, posts0_.title as title6_0_0_ from posts posts0_ where posts0_.id=?
Hibernate: update posts set created_date=?, modified_date=?, author=?, content=?, title=? where id=?
Hibernate: select posts0_.id as id1_0_, posts0_.created_date as created_2_0_, posts0_.modified_date as modified3_0_, posts0_.author as author4_0_, posts0_.content as content5_0_, posts0_.title as title6_0_ from posts posts0_
Hibernate: select posts0_.id as id1_0_, posts0_.created_date as created_2_0_, posts0_.modified_date as modified3_0_, posts0_.author as author4_0_, posts0_.content as content5_0_, posts0_.title as title6_0_ from posts posts0_
Hibernate: delete from posts where id=?
]]></system-out>
  <system-err><![CDATA[]]></system-err>
</testsuite>
